[35m[1mScanning dependencies of target _kinematics_action_msgs_generate_messages_check_deps_GetInverseKinematicsSolutionAction[0m
[35m[1mScanning dependencies of target _kinematics_action_msgs_generate_messages_check_deps_GetInverseKinematicsSolutionResult[0m
[  0%] Built target _kinematics_action_msgs_generate_messages_check_deps_GetInverseKinematicsSolutionAction
[  0%] Built target _kinematics_action_msgs_generate_messages_check_deps_GetInverseKinematicsSolutionResult
[35m[1mScanning dependencies of target _kinematics_action_msgs_generate_messages_check_deps_GetInverseKinematicsSolutionGoal[0m
[35m[1mScanning dependencies of target _kinematics_action_msgs_generate_messages_check_deps_GetInverseKinematicsSolutionActionResult[0m
[  0%] Built target _kinematics_action_msgs_generate_messages_check_deps_GetInverseKinematicsSolutionGoal
[35m[1mScanning dependencies of target _kinematics_action_msgs_generate_messages_check_deps_GetInverseKinematicsSolutionActionGoal[0m
[  0%] Built target _kinematics_action_msgs_generate_messages_check_deps_GetInverseKinematicsSolutionActionResult
[35m[1mScanning dependencies of target _kinematics_action_msgs_generate_messages_check_deps_GetInverseKinematicsSolutionFeedback[0m
[  0%] Built target _kinematics_action_msgs_generate_messages_check_deps_GetInverseKinematicsSolutionActionGoal
[35m[1mScanning dependencies of target std_msgs_generate_messages_py[0m
[  0%] Built target _kinematics_action_msgs_generate_messages_check_deps_GetInverseKinematicsSolutionFeedback
[  0%] Built target std_msgs_generate_messages_py
[35m[1mScanning dependencies of target geometry_msgs_generate_messages_py[0m
[35m[1mScanning dependencies of target _kinematics_action_msgs_generate_messages_check_deps_GetInverseKinematicsSolutionActionFeedback[0m
[  0%] Built target geometry_msgs_generate_messages_py
[35m[1mScanning dependencies of target moveit_msgs_generate_messages_py[0m
[  0%] Built target moveit_msgs_generate_messages_py
[  0%] Built target _kinematics_action_msgs_generate_messages_check_deps_GetInverseKinematicsSolutionActionFeedback
[35m[1mScanning dependencies of target std_msgs_generate_messages_nodejs[0m
[35m[1mScanning dependencies of target geometry_msgs_generate_messages_nodejs[0m
[  0%] Built target geometry_msgs_generate_messages_nodejs
[  0%] Built target std_msgs_generate_messages_nodejs
[35m[1mScanning dependencies of target moveit_msgs_generate_messages_nodejs[0m
[35m[1mScanning dependencies of target moveit_msgs_generate_messages_eus[0m
[  0%] Built target moveit_msgs_generate_messages_nodejs
[  0%] Built target moveit_msgs_generate_messages_eus
[35m[1mScanning dependencies of target std_msgs_generate_messages_eus[0m
[35m[1mScanning dependencies of target geometry_msgs_generate_messages_eus[0m
[  0%] Built target std_msgs_generate_messages_eus
[  0%] Built target geometry_msgs_generate_messages_eus
[35m[1mScanning dependencies of target moveit_msgs_generate_messages_cpp[0m
[  0%] Built target moveit_msgs_generate_messages_cpp
[35m[1mScanning dependencies of target std_msgs_generate_messages_cpp[0m
[35m[1mScanning dependencies of target geometry_msgs_generate_messages_cpp[0m
[  0%] Built target std_msgs_generate_messages_cpp
[  0%] Built target geometry_msgs_generate_messages_cpp
[35m[1mScanning dependencies of target std_msgs_generate_messages_lisp[0m
[35m[1mScanning dependencies of target geometry_msgs_generate_messages_lisp[0m
[  0%] Built target std_msgs_generate_messages_lisp
[  0%] Built target geometry_msgs_generate_messages_lisp
[35m[1mScanning dependencies of target moveit_msgs_generate_messages_lisp[0m
[35m[1mScanning dependencies of target kinematics_action_msgs_generate_messages_py[0m
[  0%] Built target moveit_msgs_generate_messages_lisp
[  2%] [34m[1mGenerating Python from MSG kinematics_action_msgs/GetInverseKinematicsSolutionActionFeedback[0m
[35m[1mScanning dependencies of target kinematics_action_msgs_generate_messages_nodejs[0m
[  5%] [34m[1mGenerating Javascript code from kinematics_action_msgs/GetInverseKinematicsSolutionActionFeedback.msg[0m
[  8%] [34m[1mGenerating Javascript code from kinematics_action_msgs/GetInverseKinematicsSolutionFeedback.msg[0m
[ 10%] [34m[1mGenerating Python from MSG kinematics_action_msgs/GetInverseKinematicsSolutionFeedback[0m
[ 13%] [34m[1mGenerating Javascript code from kinematics_action_msgs/GetInverseKinematicsSolutionActionResult.msg[0m
[ 16%] [34m[1mGenerating Javascript code from kinematics_action_msgs/GetInverseKinematicsSolutionGoal.msg[0m
[ 18%] [34m[1mGenerating Javascript code from kinematics_action_msgs/GetInverseKinematicsSolutionResult.msg[0m
[ 21%] [34m[1mGenerating Python from MSG kinematics_action_msgs/GetInverseKinematicsSolutionActionResult[0m
[ 24%] [34m[1mGenerating Javascript code from kinematics_action_msgs/GetInverseKinematicsSolutionActionGoal.msg[0m
[ 27%] [34m[1mGenerating Javascript code from kinematics_action_msgs/GetInverseKinematicsSolutionAction.msg[0m
[ 27%] Built target kinematics_action_msgs_generate_messages_nodejs
[35m[1mScanning dependencies of target kinematics_action_msgs_generate_messages_eus[0m
[ 29%] [34m[1mGenerating Python from MSG kinematics_action_msgs/GetInverseKinematicsSolutionGoal[0m
[ 32%] [34m[1mGenerating EusLisp code from kinematics_action_msgs/GetInverseKinematicsSolutionActionFeedback.msg[0m
[ 35%] [34m[1mGenerating EusLisp code from kinematics_action_msgs/GetInverseKinematicsSolutionFeedback.msg[0m
[ 37%] [34m[1mGenerating Python from MSG kinematics_action_msgs/GetInverseKinematicsSolutionResult[0m
[ 40%] [34m[1mGenerating EusLisp code from kinematics_action_msgs/GetInverseKinematicsSolutionActionResult.msg[0m
[ 43%] [34m[1mGenerating Python from MSG kinematics_action_msgs/GetInverseKinematicsSolutionActionGoal[0m
[ 45%] [34m[1mGenerating EusLisp code from kinematics_action_msgs/GetInverseKinematicsSolutionGoal.msg[0m
[ 48%] [34m[1mGenerating EusLisp code from kinematics_action_msgs/GetInverseKinematicsSolutionResult.msg[0m
[ 51%] [34m[1mGenerating Python from MSG kinematics_action_msgs/GetInverseKinematicsSolutionAction[0m
[ 54%] [34m[1mGenerating EusLisp code from kinematics_action_msgs/GetInverseKinematicsSolutionActionGoal.msg[0m
[ 56%] [34m[1mGenerating EusLisp code from kinematics_action_msgs/GetInverseKinematicsSolutionAction.msg[0m
[ 59%] [34m[1mGenerating Python msg __init__.py for kinematics_action_msgs[0m
[ 62%] [34m[1mGenerating EusLisp manifest code for kinematics_action_msgs[0m
[ 62%] Built target kinematics_action_msgs_generate_messages_py
[35m[1mScanning dependencies of target kinematics_action_msgs_generate_messages_cpp[0m
[ 64%] [34m[1mGenerating C++ code from kinematics_action_msgs/GetInverseKinematicsSolutionActionFeedback.msg[0m
[ 67%] [34m[1mGenerating C++ code from kinematics_action_msgs/GetInverseKinematicsSolutionFeedback.msg[0m
[ 70%] [34m[1mGenerating C++ code from kinematics_action_msgs/GetInverseKinematicsSolutionActionResult.msg[0m
[ 72%] [34m[1mGenerating C++ code from kinematics_action_msgs/GetInverseKinematicsSolutionGoal.msg[0m
[ 75%] [34m[1mGenerating C++ code from kinematics_action_msgs/GetInverseKinematicsSolutionResult.msg[0m
[ 78%] [34m[1mGenerating C++ code from kinematics_action_msgs/GetInverseKinematicsSolutionActionGoal.msg[0m
[ 81%] [34m[1mGenerating C++ code from kinematics_action_msgs/GetInverseKinematicsSolutionAction.msg[0m
[ 81%] Built target kinematics_action_msgs_generate_messages_eus
[35m[1mScanning dependencies of target kinematics_action_msgs_generate_messages_lisp[0m
[ 83%] [34m[1mGenerating Lisp code from kinematics_action_msgs/GetInverseKinematicsSolutionActionFeedback.msg[0m
[ 83%] Built target kinematics_action_msgs_generate_messages_cpp
[ 86%] [34m[1mGenerating Lisp code from kinematics_action_msgs/GetInverseKinematicsSolutionActionResult.msg[0m
[ 89%] [34m[1mGenerating Lisp code from kinematics_action_msgs/GetInverseKinematicsSolutionFeedback.msg[0m
[ 91%] [34m[1mGenerating Lisp code from kinematics_action_msgs/GetInverseKinematicsSolutionGoal.msg[0m
[ 94%] [34m[1mGenerating Lisp code from kinematics_action_msgs/GetInverseKinematicsSolutionResult.msg[0m
[ 97%] [34m[1mGenerating Lisp code from kinematics_action_msgs/GetInverseKinematicsSolutionActionGoal.msg[0m
[100%] [34m[1mGenerating Lisp code from kinematics_action_msgs/GetInverseKinematicsSolutionAction.msg[0m
[100%] Built target kinematics_action_msgs_generate_messages_lisp
[35m[1mScanning dependencies of target kinematics_action_msgs_generate_messages[0m
[100%] Built target kinematics_action_msgs_generate_messages
