[  0%] Built target _kinematics_action_msgs_generate_messages_check_deps_GetInverseKinematicsSolutionResult
[  0%] Built target _kinematics_action_msgs_generate_messages_check_deps_GetInverseKinematicsSolutionAction
[  0%] Built target _kinematics_action_msgs_generate_messages_check_deps_GetInverseKinematicsSolutionGoal
[  0%] Built target _kinematics_action_msgs_generate_messages_check_deps_GetInverseKinematicsSolutionActionResult
[  0%] Built target _kinematics_action_msgs_generate_messages_check_deps_GetInverseKinematicsSolutionActionGoal
[  0%] Built target _kinematics_action_msgs_generate_messages_check_deps_GetInverseKinematicsSolutionFeedback
[  0%] Built target std_msgs_generate_messages_py
[  0%] Built target geometry_msgs_generate_messages_py
[  0%] Built target _kinematics_action_msgs_generate_messages_check_deps_GetInverseKinematicsSolutionActionFeedback
[  0%] Built target moveit_msgs_generate_messages_py
[  0%] Built target std_msgs_generate_messages_nodejs
[  0%] Built target geometry_msgs_generate_messages_nodejs
[  0%] Built target moveit_msgs_generate_messages_nodejs
[  0%] Built target moveit_msgs_generate_messages_eus
[  0%] Built target std_msgs_generate_messages_eus
[  0%] Built target geometry_msgs_generate_messages_eus
[  0%] Built target moveit_msgs_generate_messages_cpp
[  0%] Built target std_msgs_generate_messages_cpp
[  0%] Built target geometry_msgs_generate_messages_cpp
[  0%] Built target std_msgs_generate_messages_lisp
[  0%] Built target geometry_msgs_generate_messages_lisp
[  0%] Built target moveit_msgs_generate_messages_lisp
[ 21%] Built target kinematics_action_msgs_generate_messages_py
[ 40%] Built target kinematics_action_msgs_generate_messages_nodejs
[ 62%] Built target kinematics_action_msgs_generate_messages_eus
[ 81%] Built target kinematics_action_msgs_generate_messages_cpp
[100%] Built target kinematics_action_msgs_generate_messages_lisp
[100%] Built target kinematics_action_msgs_generate_messages
