Symlinking /home/mivia/Desktop/Exercises_Robotic_Virginia_Cavallaro/Exercise3/devel/lib/python2.7/dist-packages/kinematics_action_msgs/__init__.py
Symlinking /home/mivia/Desktop/Exercises_Robotic_Virginia_Cavallaro/Exercise3/devel/lib/python2.7/dist-packages/kinematics_action_msgs/msg/_GetInverseKinematicsSolutionFeedback.py
Symlinking /home/mivia/Desktop/Exercises_Robotic_Virginia_Cavallaro/Exercise3/devel/lib/python2.7/dist-packages/kinematics_action_msgs/msg/_GetInverseKinematicsSolutionActionFeedback.py
Symlinking /home/mivia/Desktop/Exercises_Robotic_Virginia_Cavallaro/Exercise3/devel/lib/python2.7/dist-packages/kinematics_action_msgs/msg/_GetInverseKinematicsSolutionActionResult.py
Symlinking /home/mivia/Desktop/Exercises_Robotic_Virginia_Cavallaro/Exercise3/devel/lib/python2.7/dist-packages/kinematics_action_msgs/msg/_GetInverseKinematicsSolutionAction.py
Symlinking /home/mivia/Desktop/Exercises_Robotic_Virginia_Cavallaro/Exercise3/devel/lib/python2.7/dist-packages/kinematics_action_msgs/msg/_GetInverseKinematicsSolutionGoal.py
Symlinking /home/mivia/Desktop/Exercises_Robotic_Virginia_Cavallaro/Exercise3/devel/lib/python2.7/dist-packages/kinematics_action_msgs/msg/_GetInverseKinematicsSolutionResult.py
Symlinking /home/mivia/Desktop/Exercises_Robotic_Virginia_Cavallaro/Exercise3/devel/lib/python2.7/dist-packages/kinematics_action_msgs/msg/__init__.py
Symlinking /home/mivia/Desktop/Exercises_Robotic_Virginia_Cavallaro/Exercise3/devel/lib/python2.7/dist-packages/kinematics_action_msgs/msg/_GetInverseKinematicsSolutionActionGoal.py
Symlinking /home/mivia/Desktop/Exercises_Robotic_Virginia_Cavallaro/Exercise3/devel/lib/pkgconfig/kinematics_action_msgs.pc
Symlinking /home/mivia/Desktop/Exercises_Robotic_Virginia_Cavallaro/Exercise3/devel/include/kinematics_action_msgs/GetInverseKinematicsSolutionResult.h
Symlinking /home/mivia/Desktop/Exercises_Robotic_Virginia_Cavallaro/Exercise3/devel/include/kinematics_action_msgs/GetInverseKinematicsSolutionActionGoal.h
Symlinking /home/mivia/Desktop/Exercises_Robotic_Virginia_Cavallaro/Exercise3/devel/include/kinematics_action_msgs/GetInverseKinematicsSolutionActionResult.h
Symlinking /home/mivia/Desktop/Exercises_Robotic_Virginia_Cavallaro/Exercise3/devel/include/kinematics_action_msgs/GetInverseKinematicsSolutionFeedback.h
Symlinking /home/mivia/Desktop/Exercises_Robotic_Virginia_Cavallaro/Exercise3/devel/include/kinematics_action_msgs/GetInverseKinematicsSolutionGoal.h
Symlinking /home/mivia/Desktop/Exercises_Robotic_Virginia_Cavallaro/Exercise3/devel/include/kinematics_action_msgs/GetInverseKinematicsSolutionAction.h
Symlinking /home/mivia/Desktop/Exercises_Robotic_Virginia_Cavallaro/Exercise3/devel/include/kinematics_action_msgs/GetInverseKinematicsSolutionActionFeedback.h
Symlinking /home/mivia/Desktop/Exercises_Robotic_Virginia_Cavallaro/Exercise3/devel/share/gennodejs/ros/kinematics_action_msgs/_index.js
Symlinking /home/mivia/Desktop/Exercises_Robotic_Virginia_Cavallaro/Exercise3/devel/share/gennodejs/ros/kinematics_action_msgs/msg/GetInverseKinematicsSolutionResult.js
Symlinking /home/mivia/Desktop/Exercises_Robotic_Virginia_Cavallaro/Exercise3/devel/share/gennodejs/ros/kinematics_action_msgs/msg/GetInverseKinematicsSolutionActionGoal.js
Symlinking /home/mivia/Desktop/Exercises_Robotic_Virginia_Cavallaro/Exercise3/devel/share/gennodejs/ros/kinematics_action_msgs/msg/GetInverseKinematicsSolutionActionResult.js
Symlinking /home/mivia/Desktop/Exercises_Robotic_Virginia_Cavallaro/Exercise3/devel/share/gennodejs/ros/kinematics_action_msgs/msg/_index.js
Symlinking /home/mivia/Desktop/Exercises_Robotic_Virginia_Cavallaro/Exercise3/devel/share/gennodejs/ros/kinematics_action_msgs/msg/GetInverseKinematicsSolutionAction.js
Symlinking /home/mivia/Desktop/Exercises_Robotic_Virginia_Cavallaro/Exercise3/devel/share/gennodejs/ros/kinematics_action_msgs/msg/GetInverseKinematicsSolutionGoal.js
Symlinking /home/mivia/Desktop/Exercises_Robotic_Virginia_Cavallaro/Exercise3/devel/share/gennodejs/ros/kinematics_action_msgs/msg/GetInverseKinematicsSolutionFeedback.js
Symlinking /home/mivia/Desktop/Exercises_Robotic_Virginia_Cavallaro/Exercise3/devel/share/gennodejs/ros/kinematics_action_msgs/msg/GetInverseKinematicsSolutionActionFeedback.js
Symlinking /home/mivia/Desktop/Exercises_Robotic_Virginia_Cavallaro/Exercise3/devel/share/common-lisp/ros/kinematics_action_msgs/msg/GetInverseKinematicsSolutionActionFeedback.lisp
Symlinking /home/mivia/Desktop/Exercises_Robotic_Virginia_Cavallaro/Exercise3/devel/share/common-lisp/ros/kinematics_action_msgs/msg/_package_GetInverseKinematicsSolutionActionGoal.lisp
Symlinking /home/mivia/Desktop/Exercises_Robotic_Virginia_Cavallaro/Exercise3/devel/share/common-lisp/ros/kinematics_action_msgs/msg/_package_GetInverseKinematicsSolutionActionResult.lisp
Symlinking /home/mivia/Desktop/Exercises_Robotic_Virginia_Cavallaro/Exercise3/devel/share/common-lisp/ros/kinematics_action_msgs/msg/_package_GetInverseKinematicsSolutionFeedback.lisp
Symlinking /home/mivia/Desktop/Exercises_Robotic_Virginia_Cavallaro/Exercise3/devel/share/common-lisp/ros/kinematics_action_msgs/msg/GetInverseKinematicsSolutionResult.lisp
Symlinking /home/mivia/Desktop/Exercises_Robotic_Virginia_Cavallaro/Exercise3/devel/share/common-lisp/ros/kinematics_action_msgs/msg/GetInverseKinematicsSolutionGoal.lisp
Symlinking /home/mivia/Desktop/Exercises_Robotic_Virginia_Cavallaro/Exercise3/devel/share/common-lisp/ros/kinematics_action_msgs/msg/GetInverseKinematicsSolutionActionResult.lisp
Symlinking /home/mivia/Desktop/Exercises_Robotic_Virginia_Cavallaro/Exercise3/devel/share/common-lisp/ros/kinematics_action_msgs/msg/_package_GetInverseKinematicsSolutionGoal.lisp
Symlinking /home/mivia/Desktop/Exercises_Robotic_Virginia_Cavallaro/Exercise3/devel/share/common-lisp/ros/kinematics_action_msgs/msg/_package_GetInverseKinematicsSolutionActionFeedback.lisp
Symlinking /home/mivia/Desktop/Exercises_Robotic_Virginia_Cavallaro/Exercise3/devel/share/common-lisp/ros/kinematics_action_msgs/msg/GetInverseKinematicsSolutionActionGoal.lisp
Symlinking /home/mivia/Desktop/Exercises_Robotic_Virginia_Cavallaro/Exercise3/devel/share/common-lisp/ros/kinematics_action_msgs/msg/_package_GetInverseKinematicsSolutionAction.lisp
Symlinking /home/mivia/Desktop/Exercises_Robotic_Virginia_Cavallaro/Exercise3/devel/share/common-lisp/ros/kinematics_action_msgs/msg/kinematics_action_msgs-msg.asd
Symlinking /home/mivia/Desktop/Exercises_Robotic_Virginia_Cavallaro/Exercise3/devel/share/common-lisp/ros/kinematics_action_msgs/msg/GetInverseKinematicsSolutionAction.lisp
Symlinking /home/mivia/Desktop/Exercises_Robotic_Virginia_Cavallaro/Exercise3/devel/share/common-lisp/ros/kinematics_action_msgs/msg/GetInverseKinematicsSolutionFeedback.lisp
Symlinking /home/mivia/Desktop/Exercises_Robotic_Virginia_Cavallaro/Exercise3/devel/share/common-lisp/ros/kinematics_action_msgs/msg/_package.lisp
Symlinking /home/mivia/Desktop/Exercises_Robotic_Virginia_Cavallaro/Exercise3/devel/share/common-lisp/ros/kinematics_action_msgs/msg/_package_GetInverseKinematicsSolutionResult.lisp
Symlinking /home/mivia/Desktop/Exercises_Robotic_Virginia_Cavallaro/Exercise3/devel/share/kinematics_action_msgs/msg/GetInverseKinematicsSolutionGoal.msg
Symlinking /home/mivia/Desktop/Exercises_Robotic_Virginia_Cavallaro/Exercise3/devel/share/kinematics_action_msgs/msg/GetInverseKinematicsSolutionResult.msg
Symlinking /home/mivia/Desktop/Exercises_Robotic_Virginia_Cavallaro/Exercise3/devel/share/kinematics_action_msgs/msg/GetInverseKinematicsSolutionFeedback.msg
Symlinking /home/mivia/Desktop/Exercises_Robotic_Virginia_Cavallaro/Exercise3/devel/share/kinematics_action_msgs/msg/GetInverseKinematicsSolutionActionGoal.msg
Symlinking /home/mivia/Desktop/Exercises_Robotic_Virginia_Cavallaro/Exercise3/devel/share/kinematics_action_msgs/msg/GetInverseKinematicsSolutionAction.msg
Symlinking /home/mivia/Desktop/Exercises_Robotic_Virginia_Cavallaro/Exercise3/devel/share/kinematics_action_msgs/msg/GetInverseKinematicsSolutionActionResult.msg
Symlinking /home/mivia/Desktop/Exercises_Robotic_Virginia_Cavallaro/Exercise3/devel/share/kinematics_action_msgs/msg/GetInverseKinematicsSolutionActionFeedback.msg
Symlinking /home/mivia/Desktop/Exercises_Robotic_Virginia_Cavallaro/Exercise3/devel/share/kinematics_action_msgs/cmake/kinematics_action_msgs-msg-extras.cmake
Symlinking /home/mivia/Desktop/Exercises_Robotic_Virginia_Cavallaro/Exercise3/devel/share/kinematics_action_msgs/cmake/kinematics_action_msgs-msg-paths.cmake
Symlinking /home/mivia/Desktop/Exercises_Robotic_Virginia_Cavallaro/Exercise3/devel/share/kinematics_action_msgs/cmake/kinematics_action_msgsConfig-version.cmake
Symlinking /home/mivia/Desktop/Exercises_Robotic_Virginia_Cavallaro/Exercise3/devel/share/kinematics_action_msgs/cmake/kinematics_action_msgsConfig.cmake
Symlinking /home/mivia/Desktop/Exercises_Robotic_Virginia_Cavallaro/Exercise3/devel/share/roseus/ros/kinematics_action_msgs/manifest.l
Symlinking /home/mivia/Desktop/Exercises_Robotic_Virginia_Cavallaro/Exercise3/devel/share/roseus/ros/kinematics_action_msgs/msg/GetInverseKinematicsSolutionActionGoal.l
Symlinking /home/mivia/Desktop/Exercises_Robotic_Virginia_Cavallaro/Exercise3/devel/share/roseus/ros/kinematics_action_msgs/msg/GetInverseKinematicsSolutionAction.l
Symlinking /home/mivia/Desktop/Exercises_Robotic_Virginia_Cavallaro/Exercise3/devel/share/roseus/ros/kinematics_action_msgs/msg/GetInverseKinematicsSolutionActionFeedback.l
Symlinking /home/mivia/Desktop/Exercises_Robotic_Virginia_Cavallaro/Exercise3/devel/share/roseus/ros/kinematics_action_msgs/msg/GetInverseKinematicsSolutionResult.l
Symlinking /home/mivia/Desktop/Exercises_Robotic_Virginia_Cavallaro/Exercise3/devel/share/roseus/ros/kinematics_action_msgs/msg/GetInverseKinematicsSolutionFeedback.l
Symlinking /home/mivia/Desktop/Exercises_Robotic_Virginia_Cavallaro/Exercise3/devel/share/roseus/ros/kinematics_action_msgs/msg/GetInverseKinematicsSolutionActionResult.l
Symlinking /home/mivia/Desktop/Exercises_Robotic_Virginia_Cavallaro/Exercise3/devel/share/roseus/ros/kinematics_action_msgs/msg/GetInverseKinematicsSolutionGoal.l
