Determining if the pthread_create exist failed with the following output:
Change Dir: /home/mivia/Desktop/Exercises_Robotic_Virginia_Cavallaro/Exercise4/build/fanuc_moveit_config/CMakeFiles/CMakeTmp

Run Build Command:"/usr/bin/make" "cmTC_75eab/fast"
/usr/bin/make -f CMakeFiles/cmTC_75eab.dir/build.make CMakeFiles/cmTC_75eab.dir/build
make[1]: Entering directory '/home/mivia/Desktop/Exercises_Robotic_Virginia_Cavallaro/Exercise4/build/fanuc_moveit_config/CMakeFiles/CMakeTmp'
Building C object CMakeFiles/cmTC_75eab.dir/CheckSymbolExists.c.o
/usr/bin/cc    -o CMakeFiles/cmTC_75eab.dir/CheckSymbolExists.c.o   -c /home/mivia/Desktop/Exercises_Robotic_Virginia_Cavallaro/Exercise4/build/fanuc_moveit_config/CMakeFiles/CMakeTmp/CheckSymbolExists.c
Linking C executable cmTC_75eab
/usr/bin/cmake -E cmake_link_script CMakeFiles/cmTC_75eab.dir/link.txt --verbose=1
/usr/bin/cc      -rdynamic CMakeFiles/cmTC_75eab.dir/CheckSymbolExists.c.o  -o cmTC_75eab 
CMakeFiles/cmTC_75eab.dir/CheckSymbolExists.c.o: In function `main':
CheckSymbolExists.c:(.text+0x1b): undefined reference to `pthread_create'
collect2: error: ld returned 1 exit status
CMakeFiles/cmTC_75eab.dir/build.make:97: recipe for target 'cmTC_75eab' failed
make[1]: *** [cmTC_75eab] Error 1
make[1]: Leaving directory '/home/mivia/Desktop/Exercises_Robotic_Virginia_Cavallaro/Exercise4/build/fanuc_moveit_config/CMakeFiles/CMakeTmp'
Makefile:126: recipe for target 'cmTC_75eab/fast' failed
make: *** [cmTC_75eab/fast] Error 2

File /home/mivia/Desktop/Exercises_Robotic_Virginia_Cavallaro/Exercise4/build/fanuc_moveit_config/CMakeFiles/CMakeTmp/CheckSymbolExists.c:
/* */
#include <pthread.h>

int main(int argc, char** argv)
{
  (void)argv;
#ifndef pthread_create
  return ((int*)(&pthread_create))[argc];
#else
  (void)argc;
  return 0;
#endif
}

Determining if the function pthread_create exists in the pthreads failed with the following output:
Change Dir: /home/mivia/Desktop/Exercises_Robotic_Virginia_Cavallaro/Exercise4/build/fanuc_moveit_config/CMakeFiles/CMakeTmp

Run Build Command:"/usr/bin/make" "cmTC_bb435/fast"
/usr/bin/make -f CMakeFiles/cmTC_bb435.dir/build.make CMakeFiles/cmTC_bb435.dir/build
make[1]: Entering directory '/home/mivia/Desktop/Exercises_Robotic_Virginia_Cavallaro/Exercise4/build/fanuc_moveit_config/CMakeFiles/CMakeTmp'
Building C object CMakeFiles/cmTC_bb435.dir/CheckFunctionExists.c.o
/usr/bin/cc   -DCHECK_FUNCTION_EXISTS=pthread_create   -o CMakeFiles/cmTC_bb435.dir/CheckFunctionExists.c.o   -c /usr/share/cmake-3.10/Modules/CheckFunctionExists.c
Linking C executable cmTC_bb435
/usr/bin/cmake -E cmake_link_script CMakeFiles/cmTC_bb435.dir/link.txt --verbose=1
/usr/bin/cc  -DCHECK_FUNCTION_EXISTS=pthread_create    -rdynamic CMakeFiles/cmTC_bb435.dir/CheckFunctionExists.c.o  -o cmTC_bb435 -lpthreads 
/usr/bin/ld: cannot find -lpthreads
collect2: error: ld returned 1 exit status
CMakeFiles/cmTC_bb435.dir/build.make:97: recipe for target 'cmTC_bb435' failed
make[1]: *** [cmTC_bb435] Error 1
make[1]: Leaving directory '/home/mivia/Desktop/Exercises_Robotic_Virginia_Cavallaro/Exercise4/build/fanuc_moveit_config/CMakeFiles/CMakeTmp'
Makefile:126: recipe for target 'cmTC_bb435/fast' failed
make: *** [cmTC_bb435/fast] Error 2


