Determining if the pthread_create exist failed with the following output:
Change Dir: /home/mivia/Desktop/Exercises_Robotic_Virginia_Cavallaro/Exercise1/build/pub_sub/CMakeFiles/CMakeTmp

Run Build Command:"/usr/bin/make" "cmTC_b96fb/fast"
/usr/bin/make -f CMakeFiles/cmTC_b96fb.dir/build.make CMakeFiles/cmTC_b96fb.dir/build
make[1]: Entering directory '/home/mivia/Desktop/Exercises_Robotic_Virginia_Cavallaro/Exercise1/build/pub_sub/CMakeFiles/CMakeTmp'
Building C object CMakeFiles/cmTC_b96fb.dir/CheckSymbolExists.c.o
/usr/bin/cc    -o CMakeFiles/cmTC_b96fb.dir/CheckSymbolExists.c.o   -c /home/mivia/Desktop/Exercises_Robotic_Virginia_Cavallaro/Exercise1/build/pub_sub/CMakeFiles/CMakeTmp/CheckSymbolExists.c
Linking C executable cmTC_b96fb
/usr/bin/cmake -E cmake_link_script CMakeFiles/cmTC_b96fb.dir/link.txt --verbose=1
/usr/bin/cc      -rdynamic CMakeFiles/cmTC_b96fb.dir/CheckSymbolExists.c.o  -o cmTC_b96fb 
CMakeFiles/cmTC_b96fb.dir/CheckSymbolExists.c.o: In function `main':
CheckSymbolExists.c:(.text+0x1b): undefined reference to `pthread_create'
collect2: error: ld returned 1 exit status
CMakeFiles/cmTC_b96fb.dir/build.make:97: recipe for target 'cmTC_b96fb' failed
make[1]: *** [cmTC_b96fb] Error 1
make[1]: Leaving directory '/home/mivia/Desktop/Exercises_Robotic_Virginia_Cavallaro/Exercise1/build/pub_sub/CMakeFiles/CMakeTmp'
Makefile:126: recipe for target 'cmTC_b96fb/fast' failed
make: *** [cmTC_b96fb/fast] Error 2

File /home/mivia/Desktop/Exercises_Robotic_Virginia_Cavallaro/Exercise1/build/pub_sub/CMakeFiles/CMakeTmp/CheckSymbolExists.c:
/* */
#include <pthread.h>

int main(int argc, char** argv)
{
  (void)argv;
#ifndef pthread_create
  return ((int*)(&pthread_create))[argc];
#else
  (void)argc;
  return 0;
#endif
}

Determining if the function pthread_create exists in the pthreads failed with the following output:
Change Dir: /home/mivia/Desktop/Exercises_Robotic_Virginia_Cavallaro/Exercise1/build/pub_sub/CMakeFiles/CMakeTmp

Run Build Command:"/usr/bin/make" "cmTC_fe8ff/fast"
/usr/bin/make -f CMakeFiles/cmTC_fe8ff.dir/build.make CMakeFiles/cmTC_fe8ff.dir/build
make[1]: Entering directory '/home/mivia/Desktop/Exercises_Robotic_Virginia_Cavallaro/Exercise1/build/pub_sub/CMakeFiles/CMakeTmp'
Building C object CMakeFiles/cmTC_fe8ff.dir/CheckFunctionExists.c.o
/usr/bin/cc   -DCHECK_FUNCTION_EXISTS=pthread_create   -o CMakeFiles/cmTC_fe8ff.dir/CheckFunctionExists.c.o   -c /usr/share/cmake-3.10/Modules/CheckFunctionExists.c
Linking C executable cmTC_fe8ff
/usr/bin/cmake -E cmake_link_script CMakeFiles/cmTC_fe8ff.dir/link.txt --verbose=1
/usr/bin/cc  -DCHECK_FUNCTION_EXISTS=pthread_create    -rdynamic CMakeFiles/cmTC_fe8ff.dir/CheckFunctionExists.c.o  -o cmTC_fe8ff -lpthreads 
/usr/bin/ld: cannot find -lpthreads
collect2: error: ld returned 1 exit status
CMakeFiles/cmTC_fe8ff.dir/build.make:97: recipe for target 'cmTC_fe8ff' failed
make[1]: *** [cmTC_fe8ff] Error 1
make[1]: Leaving directory '/home/mivia/Desktop/Exercises_Robotic_Virginia_Cavallaro/Exercise1/build/pub_sub/CMakeFiles/CMakeTmp'
Makefile:126: recipe for target 'cmTC_fe8ff/fast' failed
make: *** [cmTC_fe8ff/fast] Error 2


