Determining if the pthread_create exist failed with the following output:
Change Dir: /home/mivia/Desktop/Exercises_Robotic_Virginia_Cavallaro/Exercise1/build/pub_sub_msg/CMakeFiles/CMakeTmp

Run Build Command:"/usr/bin/make" "cmTC_8a97f/fast"
/usr/bin/make -f CMakeFiles/cmTC_8a97f.dir/build.make CMakeFiles/cmTC_8a97f.dir/build
make[1]: Entering directory '/home/mivia/Desktop/Exercises_Robotic_Virginia_Cavallaro/Exercise1/build/pub_sub_msg/CMakeFiles/CMakeTmp'
Building C object CMakeFiles/cmTC_8a97f.dir/CheckSymbolExists.c.o
/usr/bin/cc    -o CMakeFiles/cmTC_8a97f.dir/CheckSymbolExists.c.o   -c /home/mivia/Desktop/Exercises_Robotic_Virginia_Cavallaro/Exercise1/build/pub_sub_msg/CMakeFiles/CMakeTmp/CheckSymbolExists.c
Linking C executable cmTC_8a97f
/usr/bin/cmake -E cmake_link_script CMakeFiles/cmTC_8a97f.dir/link.txt --verbose=1
/usr/bin/cc      -rdynamic CMakeFiles/cmTC_8a97f.dir/CheckSymbolExists.c.o  -o cmTC_8a97f 
CMakeFiles/cmTC_8a97f.dir/CheckSymbolExists.c.o: In function `main':
CheckSymbolExists.c:(.text+0x1b): undefined reference to `pthread_create'
collect2: error: ld returned 1 exit status
CMakeFiles/cmTC_8a97f.dir/build.make:97: recipe for target 'cmTC_8a97f' failed
make[1]: *** [cmTC_8a97f] Error 1
make[1]: Leaving directory '/home/mivia/Desktop/Exercises_Robotic_Virginia_Cavallaro/Exercise1/build/pub_sub_msg/CMakeFiles/CMakeTmp'
Makefile:126: recipe for target 'cmTC_8a97f/fast' failed
make: *** [cmTC_8a97f/fast] Error 2

File /home/mivia/Desktop/Exercises_Robotic_Virginia_Cavallaro/Exercise1/build/pub_sub_msg/CMakeFiles/CMakeTmp/CheckSymbolExists.c:
/* */
#include <pthread.h>

int main(int argc, char** argv)
{
  (void)argv;
#ifndef pthread_create
  return ((int*)(&pthread_create))[argc];
#else
  (void)argc;
  return 0;
#endif
}

Determining if the function pthread_create exists in the pthreads failed with the following output:
Change Dir: /home/mivia/Desktop/Exercises_Robotic_Virginia_Cavallaro/Exercise1/build/pub_sub_msg/CMakeFiles/CMakeTmp

Run Build Command:"/usr/bin/make" "cmTC_059d9/fast"
/usr/bin/make -f CMakeFiles/cmTC_059d9.dir/build.make CMakeFiles/cmTC_059d9.dir/build
make[1]: Entering directory '/home/mivia/Desktop/Exercises_Robotic_Virginia_Cavallaro/Exercise1/build/pub_sub_msg/CMakeFiles/CMakeTmp'
Building C object CMakeFiles/cmTC_059d9.dir/CheckFunctionExists.c.o
/usr/bin/cc   -DCHECK_FUNCTION_EXISTS=pthread_create   -o CMakeFiles/cmTC_059d9.dir/CheckFunctionExists.c.o   -c /usr/share/cmake-3.10/Modules/CheckFunctionExists.c
Linking C executable cmTC_059d9
/usr/bin/cmake -E cmake_link_script CMakeFiles/cmTC_059d9.dir/link.txt --verbose=1
/usr/bin/cc  -DCHECK_FUNCTION_EXISTS=pthread_create    -rdynamic CMakeFiles/cmTC_059d9.dir/CheckFunctionExists.c.o  -o cmTC_059d9 -lpthreads 
/usr/bin/ld: cannot find -lpthreads
collect2: error: ld returned 1 exit status
CMakeFiles/cmTC_059d9.dir/build.make:97: recipe for target 'cmTC_059d9' failed
make[1]: *** [cmTC_059d9] Error 1
make[1]: Leaving directory '/home/mivia/Desktop/Exercises_Robotic_Virginia_Cavallaro/Exercise1/build/pub_sub_msg/CMakeFiles/CMakeTmp'
Makefile:126: recipe for target 'cmTC_059d9/fast' failed
make: *** [cmTC_059d9/fast] Error 2


