Determining if the pthread_create exist failed with the following output:
Change Dir: /home/mivia/Desktop/Exercises_Robotic_Virginia_Cavallaro/Exercise1/build/catkin_tools_prebuild/CMakeFiles/CMakeTmp

Run Build Command:"/usr/bin/make" "cmTC_5d809/fast"
/usr/bin/make -f CMakeFiles/cmTC_5d809.dir/build.make CMakeFiles/cmTC_5d809.dir/build
make[1]: Entering directory '/home/mivia/Desktop/Exercises_Robotic_Virginia_Cavallaro/Exercise1/build/catkin_tools_prebuild/CMakeFiles/CMakeTmp'
Building C object CMakeFiles/cmTC_5d809.dir/CheckSymbolExists.c.o
/usr/bin/cc    -o CMakeFiles/cmTC_5d809.dir/CheckSymbolExists.c.o   -c /home/mivia/Desktop/Exercises_Robotic_Virginia_Cavallaro/Exercise1/build/catkin_tools_prebuild/CMakeFiles/CMakeTmp/CheckSymbolExists.c
Linking C executable cmTC_5d809
/usr/bin/cmake -E cmake_link_script CMakeFiles/cmTC_5d809.dir/link.txt --verbose=1
/usr/bin/cc      -rdynamic CMakeFiles/cmTC_5d809.dir/CheckSymbolExists.c.o  -o cmTC_5d809 
CMakeFiles/cmTC_5d809.dir/CheckSymbolExists.c.o: In function `main':
CheckSymbolExists.c:(.text+0x1b): undefined reference to `pthread_create'
collect2: error: ld returned 1 exit status
CMakeFiles/cmTC_5d809.dir/build.make:97: recipe for target 'cmTC_5d809' failed
make[1]: *** [cmTC_5d809] Error 1
make[1]: Leaving directory '/home/mivia/Desktop/Exercises_Robotic_Virginia_Cavallaro/Exercise1/build/catkin_tools_prebuild/CMakeFiles/CMakeTmp'
Makefile:126: recipe for target 'cmTC_5d809/fast' failed
make: *** [cmTC_5d809/fast] Error 2

File /home/mivia/Desktop/Exercises_Robotic_Virginia_Cavallaro/Exercise1/build/catkin_tools_prebuild/CMakeFiles/CMakeTmp/CheckSymbolExists.c:
/* */
#include <pthread.h>

int main(int argc, char** argv)
{
  (void)argv;
#ifndef pthread_create
  return ((int*)(&pthread_create))[argc];
#else
  (void)argc;
  return 0;
#endif
}

Determining if the function pthread_create exists in the pthreads failed with the following output:
Change Dir: /home/mivia/Desktop/Exercises_Robotic_Virginia_Cavallaro/Exercise1/build/catkin_tools_prebuild/CMakeFiles/CMakeTmp

Run Build Command:"/usr/bin/make" "cmTC_73494/fast"
/usr/bin/make -f CMakeFiles/cmTC_73494.dir/build.make CMakeFiles/cmTC_73494.dir/build
make[1]: Entering directory '/home/mivia/Desktop/Exercises_Robotic_Virginia_Cavallaro/Exercise1/build/catkin_tools_prebuild/CMakeFiles/CMakeTmp'
Building C object CMakeFiles/cmTC_73494.dir/CheckFunctionExists.c.o
/usr/bin/cc   -DCHECK_FUNCTION_EXISTS=pthread_create   -o CMakeFiles/cmTC_73494.dir/CheckFunctionExists.c.o   -c /usr/share/cmake-3.10/Modules/CheckFunctionExists.c
Linking C executable cmTC_73494
/usr/bin/cmake -E cmake_link_script CMakeFiles/cmTC_73494.dir/link.txt --verbose=1
/usr/bin/cc  -DCHECK_FUNCTION_EXISTS=pthread_create    -rdynamic CMakeFiles/cmTC_73494.dir/CheckFunctionExists.c.o  -o cmTC_73494 -lpthreads 
/usr/bin/ld: cannot find -lpthreads
collect2: error: ld returned 1 exit status
CMakeFiles/cmTC_73494.dir/build.make:97: recipe for target 'cmTC_73494' failed
make[1]: *** [cmTC_73494] Error 1
make[1]: Leaving directory '/home/mivia/Desktop/Exercises_Robotic_Virginia_Cavallaro/Exercise1/build/catkin_tools_prebuild/CMakeFiles/CMakeTmp'
Makefile:126: recipe for target 'cmTC_73494/fast' failed
make: *** [cmTC_73494/fast] Error 2


