Determining if the pthread_create exist failed with the following output:
Change Dir: /home/mivia/Desktop/Exercises_Robotic_Virginia_Cavallaro/Exercise3/build/catkin_tools_prebuild/CMakeFiles/CMakeTmp

Run Build Command:"/usr/bin/make" "cmTC_75dba/fast"
/usr/bin/make -f CMakeFiles/cmTC_75dba.dir/build.make CMakeFiles/cmTC_75dba.dir/build
make[1]: Entering directory '/home/mivia/Desktop/Exercises_Robotic_Virginia_Cavallaro/Exercise3/build/catkin_tools_prebuild/CMakeFiles/CMakeTmp'
Building C object CMakeFiles/cmTC_75dba.dir/CheckSymbolExists.c.o
/usr/bin/cc    -o CMakeFiles/cmTC_75dba.dir/CheckSymbolExists.c.o   -c /home/mivia/Desktop/Exercises_Robotic_Virginia_Cavallaro/Exercise3/build/catkin_tools_prebuild/CMakeFiles/CMakeTmp/CheckSymbolExists.c
Linking C executable cmTC_75dba
/usr/bin/cmake -E cmake_link_script CMakeFiles/cmTC_75dba.dir/link.txt --verbose=1
/usr/bin/cc      -rdynamic CMakeFiles/cmTC_75dba.dir/CheckSymbolExists.c.o  -o cmTC_75dba 
CMakeFiles/cmTC_75dba.dir/CheckSymbolExists.c.o: In function `main':
CheckSymbolExists.c:(.text+0x1b): undefined reference to `pthread_create'
collect2: error: ld returned 1 exit status
CMakeFiles/cmTC_75dba.dir/build.make:97: recipe for target 'cmTC_75dba' failed
make[1]: *** [cmTC_75dba] Error 1
make[1]: Leaving directory '/home/mivia/Desktop/Exercises_Robotic_Virginia_Cavallaro/Exercise3/build/catkin_tools_prebuild/CMakeFiles/CMakeTmp'
Makefile:126: recipe for target 'cmTC_75dba/fast' failed
make: *** [cmTC_75dba/fast] Error 2

File /home/mivia/Desktop/Exercises_Robotic_Virginia_Cavallaro/Exercise3/build/catkin_tools_prebuild/CMakeFiles/CMakeTmp/CheckSymbolExists.c:
/* */
#include <pthread.h>

int main(int argc, char** argv)
{
  (void)argv;
#ifndef pthread_create
  return ((int*)(&pthread_create))[argc];
#else
  (void)argc;
  return 0;
#endif
}

Determining if the function pthread_create exists in the pthreads failed with the following output:
Change Dir: /home/mivia/Desktop/Exercises_Robotic_Virginia_Cavallaro/Exercise3/build/catkin_tools_prebuild/CMakeFiles/CMakeTmp

Run Build Command:"/usr/bin/make" "cmTC_efbdd/fast"
/usr/bin/make -f CMakeFiles/cmTC_efbdd.dir/build.make CMakeFiles/cmTC_efbdd.dir/build
make[1]: Entering directory '/home/mivia/Desktop/Exercises_Robotic_Virginia_Cavallaro/Exercise3/build/catkin_tools_prebuild/CMakeFiles/CMakeTmp'
Building C object CMakeFiles/cmTC_efbdd.dir/CheckFunctionExists.c.o
/usr/bin/cc   -DCHECK_FUNCTION_EXISTS=pthread_create   -o CMakeFiles/cmTC_efbdd.dir/CheckFunctionExists.c.o   -c /usr/share/cmake-3.10/Modules/CheckFunctionExists.c
Linking C executable cmTC_efbdd
/usr/bin/cmake -E cmake_link_script CMakeFiles/cmTC_efbdd.dir/link.txt --verbose=1
/usr/bin/cc  -DCHECK_FUNCTION_EXISTS=pthread_create    -rdynamic CMakeFiles/cmTC_efbdd.dir/CheckFunctionExists.c.o  -o cmTC_efbdd -lpthreads 
/usr/bin/ld: cannot find -lpthreads
collect2: error: ld returned 1 exit status
CMakeFiles/cmTC_efbdd.dir/build.make:97: recipe for target 'cmTC_efbdd' failed
make[1]: *** [cmTC_efbdd] Error 1
make[1]: Leaving directory '/home/mivia/Desktop/Exercises_Robotic_Virginia_Cavallaro/Exercise3/build/catkin_tools_prebuild/CMakeFiles/CMakeTmp'
Makefile:126: recipe for target 'cmTC_efbdd/fast' failed
make: *** [cmTC_efbdd/fast] Error 2


