Determining if the pthread_create exist failed with the following output:
Change Dir: /home/mivia/Desktop/Exercises_Robotic_Virginia_Cavallaro/Exercise4/build/fanuc_description/CMakeFiles/CMakeTmp

Run Build Command:"/usr/bin/make" "cmTC_25a26/fast"
/usr/bin/make -f CMakeFiles/cmTC_25a26.dir/build.make CMakeFiles/cmTC_25a26.dir/build
make[1]: Entering directory '/home/mivia/Desktop/Exercises_Robotic_Virginia_Cavallaro/Exercise4/build/fanuc_description/CMakeFiles/CMakeTmp'
Building C object CMakeFiles/cmTC_25a26.dir/CheckSymbolExists.c.o
/usr/bin/cc    -o CMakeFiles/cmTC_25a26.dir/CheckSymbolExists.c.o   -c /home/mivia/Desktop/Exercises_Robotic_Virginia_Cavallaro/Exercise4/build/fanuc_description/CMakeFiles/CMakeTmp/CheckSymbolExists.c
Linking C executable cmTC_25a26
/usr/bin/cmake -E cmake_link_script CMakeFiles/cmTC_25a26.dir/link.txt --verbose=1
/usr/bin/cc      -rdynamic CMakeFiles/cmTC_25a26.dir/CheckSymbolExists.c.o  -o cmTC_25a26 
CMakeFiles/cmTC_25a26.dir/CheckSymbolExists.c.o: In function `main':
CheckSymbolExists.c:(.text+0x1b): undefined reference to `pthread_create'
collect2: error: ld returned 1 exit status
CMakeFiles/cmTC_25a26.dir/build.make:97: recipe for target 'cmTC_25a26' failed
make[1]: *** [cmTC_25a26] Error 1
make[1]: Leaving directory '/home/mivia/Desktop/Exercises_Robotic_Virginia_Cavallaro/Exercise4/build/fanuc_description/CMakeFiles/CMakeTmp'
Makefile:126: recipe for target 'cmTC_25a26/fast' failed
make: *** [cmTC_25a26/fast] Error 2

File /home/mivia/Desktop/Exercises_Robotic_Virginia_Cavallaro/Exercise4/build/fanuc_description/CMakeFiles/CMakeTmp/CheckSymbolExists.c:
/* */
#include <pthread.h>

int main(int argc, char** argv)
{
  (void)argv;
#ifndef pthread_create
  return ((int*)(&pthread_create))[argc];
#else
  (void)argc;
  return 0;
#endif
}

Determining if the function pthread_create exists in the pthreads failed with the following output:
Change Dir: /home/mivia/Desktop/Exercises_Robotic_Virginia_Cavallaro/Exercise4/build/fanuc_description/CMakeFiles/CMakeTmp

Run Build Command:"/usr/bin/make" "cmTC_7e339/fast"
/usr/bin/make -f CMakeFiles/cmTC_7e339.dir/build.make CMakeFiles/cmTC_7e339.dir/build
make[1]: Entering directory '/home/mivia/Desktop/Exercises_Robotic_Virginia_Cavallaro/Exercise4/build/fanuc_description/CMakeFiles/CMakeTmp'
Building C object CMakeFiles/cmTC_7e339.dir/CheckFunctionExists.c.o
/usr/bin/cc   -DCHECK_FUNCTION_EXISTS=pthread_create   -o CMakeFiles/cmTC_7e339.dir/CheckFunctionExists.c.o   -c /usr/share/cmake-3.10/Modules/CheckFunctionExists.c
Linking C executable cmTC_7e339
/usr/bin/cmake -E cmake_link_script CMakeFiles/cmTC_7e339.dir/link.txt --verbose=1
/usr/bin/cc  -DCHECK_FUNCTION_EXISTS=pthread_create    -rdynamic CMakeFiles/cmTC_7e339.dir/CheckFunctionExists.c.o  -o cmTC_7e339 -lpthreads 
/usr/bin/ld: cannot find -lpthreads
collect2: error: ld returned 1 exit status
CMakeFiles/cmTC_7e339.dir/build.make:97: recipe for target 'cmTC_7e339' failed
make[1]: *** [cmTC_7e339] Error 1
make[1]: Leaving directory '/home/mivia/Desktop/Exercises_Robotic_Virginia_Cavallaro/Exercise4/build/fanuc_description/CMakeFiles/CMakeTmp'
Makefile:126: recipe for target 'cmTC_7e339/fast' failed
make: *** [cmTC_7e339/fast] Error 2


