Determining if the pthread_create exist failed with the following output:
Change Dir: /home/mivia/Desktop/Exercises_Robotic_Virginia_Cavallaro/Exercise4/build/fanuc_move_group_interface/CMakeFiles/CMakeTmp

Run Build Command:"/usr/bin/make" "cmTC_b5529/fast"
/usr/bin/make -f CMakeFiles/cmTC_b5529.dir/build.make CMakeFiles/cmTC_b5529.dir/build
make[1]: Entering directory '/home/mivia/Desktop/Exercises_Robotic_Virginia_Cavallaro/Exercise4/build/fanuc_move_group_interface/CMakeFiles/CMakeTmp'
Building C object CMakeFiles/cmTC_b5529.dir/CheckSymbolExists.c.o
/usr/bin/cc    -o CMakeFiles/cmTC_b5529.dir/CheckSymbolExists.c.o   -c /home/mivia/Desktop/Exercises_Robotic_Virginia_Cavallaro/Exercise4/build/fanuc_move_group_interface/CMakeFiles/CMakeTmp/CheckSymbolExists.c
Linking C executable cmTC_b5529
/usr/bin/cmake -E cmake_link_script CMakeFiles/cmTC_b5529.dir/link.txt --verbose=1
/usr/bin/cc      -rdynamic CMakeFiles/cmTC_b5529.dir/CheckSymbolExists.c.o  -o cmTC_b5529 
CMakeFiles/cmTC_b5529.dir/CheckSymbolExists.c.o: In function `main':
CheckSymbolExists.c:(.text+0x1b): undefined reference to `pthread_create'
collect2: error: ld returned 1 exit status
CMakeFiles/cmTC_b5529.dir/build.make:97: recipe for target 'cmTC_b5529' failed
make[1]: *** [cmTC_b5529] Error 1
make[1]: Leaving directory '/home/mivia/Desktop/Exercises_Robotic_Virginia_Cavallaro/Exercise4/build/fanuc_move_group_interface/CMakeFiles/CMakeTmp'
Makefile:126: recipe for target 'cmTC_b5529/fast' failed
make: *** [cmTC_b5529/fast] Error 2

File /home/mivia/Desktop/Exercises_Robotic_Virginia_Cavallaro/Exercise4/build/fanuc_move_group_interface/CMakeFiles/CMakeTmp/CheckSymbolExists.c:
/* */
#include <pthread.h>

int main(int argc, char** argv)
{
  (void)argv;
#ifndef pthread_create
  return ((int*)(&pthread_create))[argc];
#else
  (void)argc;
  return 0;
#endif
}

Determining if the function pthread_create exists in the pthreads failed with the following output:
Change Dir: /home/mivia/Desktop/Exercises_Robotic_Virginia_Cavallaro/Exercise4/build/fanuc_move_group_interface/CMakeFiles/CMakeTmp

Run Build Command:"/usr/bin/make" "cmTC_71c71/fast"
/usr/bin/make -f CMakeFiles/cmTC_71c71.dir/build.make CMakeFiles/cmTC_71c71.dir/build
make[1]: Entering directory '/home/mivia/Desktop/Exercises_Robotic_Virginia_Cavallaro/Exercise4/build/fanuc_move_group_interface/CMakeFiles/CMakeTmp'
Building C object CMakeFiles/cmTC_71c71.dir/CheckFunctionExists.c.o
/usr/bin/cc   -DCHECK_FUNCTION_EXISTS=pthread_create   -o CMakeFiles/cmTC_71c71.dir/CheckFunctionExists.c.o   -c /usr/share/cmake-3.10/Modules/CheckFunctionExists.c
Linking C executable cmTC_71c71
/usr/bin/cmake -E cmake_link_script CMakeFiles/cmTC_71c71.dir/link.txt --verbose=1
/usr/bin/cc  -DCHECK_FUNCTION_EXISTS=pthread_create    -rdynamic CMakeFiles/cmTC_71c71.dir/CheckFunctionExists.c.o  -o cmTC_71c71 -lpthreads 
/usr/bin/ld: cannot find -lpthreads
collect2: error: ld returned 1 exit status
CMakeFiles/cmTC_71c71.dir/build.make:97: recipe for target 'cmTC_71c71' failed
make[1]: *** [cmTC_71c71] Error 1
make[1]: Leaving directory '/home/mivia/Desktop/Exercises_Robotic_Virginia_Cavallaro/Exercise4/build/fanuc_move_group_interface/CMakeFiles/CMakeTmp'
Makefile:126: recipe for target 'cmTC_71c71/fast' failed
make: *** [cmTC_71c71/fast] Error 2


