Determining if the pthread_create exist failed with the following output:
Change Dir: /home/mivia/Desktop/Exercises_Robotic_Virginia_Cavallaro/Exercise2/build/fanuc_moveit_config/CMakeFiles/CMakeTmp

Run Build Command:"/usr/bin/make" "cmTC_6bae9/fast"
/usr/bin/make -f CMakeFiles/cmTC_6bae9.dir/build.make CMakeFiles/cmTC_6bae9.dir/build
make[1]: Entering directory '/home/mivia/Desktop/Exercises_Robotic_Virginia_Cavallaro/Exercise2/build/fanuc_moveit_config/CMakeFiles/CMakeTmp'
Building C object CMakeFiles/cmTC_6bae9.dir/CheckSymbolExists.c.o
/usr/bin/cc    -o CMakeFiles/cmTC_6bae9.dir/CheckSymbolExists.c.o   -c /home/mivia/Desktop/Exercises_Robotic_Virginia_Cavallaro/Exercise2/build/fanuc_moveit_config/CMakeFiles/CMakeTmp/CheckSymbolExists.c
Linking C executable cmTC_6bae9
/usr/bin/cmake -E cmake_link_script CMakeFiles/cmTC_6bae9.dir/link.txt --verbose=1
/usr/bin/cc      -rdynamic CMakeFiles/cmTC_6bae9.dir/CheckSymbolExists.c.o  -o cmTC_6bae9 
CMakeFiles/cmTC_6bae9.dir/CheckSymbolExists.c.o: In function `main':
CheckSymbolExists.c:(.text+0x1b): undefined reference to `pthread_create'
collect2: error: ld returned 1 exit status
CMakeFiles/cmTC_6bae9.dir/build.make:97: recipe for target 'cmTC_6bae9' failed
make[1]: *** [cmTC_6bae9] Error 1
make[1]: Leaving directory '/home/mivia/Desktop/Exercises_Robotic_Virginia_Cavallaro/Exercise2/build/fanuc_moveit_config/CMakeFiles/CMakeTmp'
Makefile:126: recipe for target 'cmTC_6bae9/fast' failed
make: *** [cmTC_6bae9/fast] Error 2

File /home/mivia/Desktop/Exercises_Robotic_Virginia_Cavallaro/Exercise2/build/fanuc_moveit_config/CMakeFiles/CMakeTmp/CheckSymbolExists.c:
/* */
#include <pthread.h>

int main(int argc, char** argv)
{
  (void)argv;
#ifndef pthread_create
  return ((int*)(&pthread_create))[argc];
#else
  (void)argc;
  return 0;
#endif
}

Determining if the function pthread_create exists in the pthreads failed with the following output:
Change Dir: /home/mivia/Desktop/Exercises_Robotic_Virginia_Cavallaro/Exercise2/build/fanuc_moveit_config/CMakeFiles/CMakeTmp

Run Build Command:"/usr/bin/make" "cmTC_937be/fast"
/usr/bin/make -f CMakeFiles/cmTC_937be.dir/build.make CMakeFiles/cmTC_937be.dir/build
make[1]: Entering directory '/home/mivia/Desktop/Exercises_Robotic_Virginia_Cavallaro/Exercise2/build/fanuc_moveit_config/CMakeFiles/CMakeTmp'
Building C object CMakeFiles/cmTC_937be.dir/CheckFunctionExists.c.o
/usr/bin/cc   -DCHECK_FUNCTION_EXISTS=pthread_create   -o CMakeFiles/cmTC_937be.dir/CheckFunctionExists.c.o   -c /usr/share/cmake-3.10/Modules/CheckFunctionExists.c
Linking C executable cmTC_937be
/usr/bin/cmake -E cmake_link_script CMakeFiles/cmTC_937be.dir/link.txt --verbose=1
/usr/bin/cc  -DCHECK_FUNCTION_EXISTS=pthread_create    -rdynamic CMakeFiles/cmTC_937be.dir/CheckFunctionExists.c.o  -o cmTC_937be -lpthreads 
/usr/bin/ld: cannot find -lpthreads
collect2: error: ld returned 1 exit status
CMakeFiles/cmTC_937be.dir/build.make:97: recipe for target 'cmTC_937be' failed
make[1]: *** [cmTC_937be] Error 1
make[1]: Leaving directory '/home/mivia/Desktop/Exercises_Robotic_Virginia_Cavallaro/Exercise2/build/fanuc_moveit_config/CMakeFiles/CMakeTmp'
Makefile:126: recipe for target 'cmTC_937be/fast' failed
make: *** [cmTC_937be/fast] Error 2


